01:43:44 [INFO ] ui.editor.DslEditor                      : 3033 - Antlr editor starting
01:43:44 [INFO ] ui.editor.DslEditor                      : 3034 - Log4j2 using: Default [Rolling, Stdout]
01:43:45 [DEBUG] graph.view.tokens.TokensView             : 187  - Loaded record
01:43:45 [INFO ] ui.editor.DslEditor                      : 3033 - Antlr editor starting
01:43:45 [INFO ] ui.editor.DslEditor                      : 3034 - Log4j2 using: Null []
01:43:57 [INFO ] graph.parse.TargetUnit                   : 230  - Loading gramaticas.SnakecsvParser
01:43:57 [INFO ] graph.parse.TargetUnit                   : 230  - Loading gramaticas.SnakecsvLexer
01:43:57 [INFO ] graph.parse.TargetUnit                   : 262  - Lexer constructed ...
01:43:57 [INFO ] graph.parse.TargetUnit                   : 291  - Token stream generated ...
01:43:57 [INFO ] graph.parse.TargetUnit                   : 308  - Parser constructed ...
01:43:57 [INFO ] graph.parse.TargetUnit                   : 345  - Main rule selected (prog) ...
01:43:57 [INFO ] graph.parse.TargetUnit                   : 348  - Building tree ...
01:43:57 [INFO ] graph.parse.TargetUnit                   : 350  - Tree generated.
01:43:57 [INFO ] graph.parse.TargetUnit                   : 356  - Generating graph model...
01:44:09 [INFO ] graph.parse.TargetUnit                   : 230  - Loading gramaticas.SnakecsvParser
01:44:09 [INFO ] graph.parse.TargetUnit                   : 230  - Loading gramaticas.SnakecsvLexer
01:44:09 [INFO ] graph.parse.TargetUnit                   : 262  - Lexer constructed ...
01:44:09 [INFO ] graph.parse.TargetUnit                   : 291  - Token stream generated ...
01:44:09 [INFO ] graph.parse.TargetUnit                   : 308  - Parser constructed ...
01:44:09 [INFO ] graph.parse.TargetUnit                   : 345  - Main rule selected (prog) ...
01:44:09 [INFO ] graph.parse.TargetUnit                   : 348  - Building tree ...
01:44:09 [INFO ] graph.parse.TargetUnit                   : 350  - Tree generated.
01:44:09 [INFO ] graph.parse.TargetUnit                   : 356  - Generating graph model...
